{"name": "Buscar Appium en Google", "status": "broken", "statusDetails": {"message": "selenium.common.exceptions.InvalidSelectorException: Message: Locator Strategy 'name' is not supported for this session; For documentation on this error, please visit: https://www.selenium.dev/documentation/webdriver/troubleshooting/errors#invalid-selector-exception\nStacktrace:\nInvalidSelectorError: Locator Strategy 'name' is not supported for this session\n    at AndroidUiautomator2Driver.validateLocatorStrategy (/opt/homebrew/lib/node_modules/appium/node_modules/@appium/base-driver/lib/basedriver/core.ts:333:13)\n    at AndroidUiautomator2Driver.findElOrElsWithProcessing (/opt/homebrew/lib/node_modules/appium/node_modules/@appium/base-driver/lib/basedriver/commands/find.ts:57:8)\n    at AndroidUiautomator2Driver.findElement (/opt/homebrew/lib/node_modules/appium/node_modules/@appium/base-driver/lib/basedriver/commands/find.ts:75:23)\n    at runCommandPromise (/opt/homebrew/lib/node_modules/appium/node_modules/@appium/base-driver/lib/basedriver/driver.ts:116:20)\n    at /opt/homebrew/lib/node_modules/appium/node_modules/@appium/base-driver/node_modules/async-lock/lib/index.js:171:12\n    at AsyncLock._promiseTry (/opt/homebrew/lib/node_modules/appium/node_modules/@appium/base-driver/node_modules/async-lock/lib/index.js:306:31)\n    at exec (/opt/homebrew/lib/node_modules/appium/node_modules/@appium/base-driver/node_modules/async-lock/lib/index.js:170:9)\n    at AsyncLock.acquire (/opt/homebrew/lib/node_modules/appium/node_modules/@appium/base-driver/node_modules/async-lock/lib/index.js:189:3)\n    at AndroidUiautomator2Driver.executeCommand (/opt/homebrew/lib/node_modules/appium/node_modules/@appium/base-driver/lib/basedriver/driver.ts:160:39)\n    at processTicksAndRejections (node:internal/process/task_queues:95:5)\n    at defaultBehavior (/opt/homebrew/lib/node_modules/appium/lib/appium.js:700:14)\n    at AppiumDriver.executeWrappedCommand (/opt/homebrew/lib/node_modules/appium/lib/appium.js:806:16)\n    at AppiumDriver.executeCommand (/opt/homebrew/lib/node_modules/appium/lib/appium.js:712:17)\n    at asyncHandler (/opt/homebrew/lib/node_modules/appium/node_modules/@appium/base-driver/lib/protocol/protocol.js:389:19)\n", "trace": "  File \"/opt/homebrew/lib/python3.13/site-packages/behave/model.py\", line 1329, in run\n    match.run(runner.context)\n    ~~~~~~~~~^^^^^^^^^^^^^^^^\n  File \"/opt/homebrew/lib/python3.13/site-packages/behave/matchers.py\", line 98, in run\n    self.func(context, *args, **kwargs)\n    ~~~~~~~~~^^^^^^^^^^^^^^^^^^^^^^^^^^\n  File \"features/steps/test_google_steps.py\", line 16, in step_search\n    context.google_page.search(text)\n    ~~~~~~~~~~~~~~~~~~~~~~~~~~^^^^^^\n  File \"/Users/gianperalta/appium-bdd-brave/features/pages/google_page.py\", line 13, in search\n    box = self.driver.find_element(*self.search_box)\n  File \"/opt/homebrew/lib/python3.13/site-packages/selenium/webdriver/remote/webdriver.py\", line 770, in find_element\n    return self.execute(Command.FIND_ELEMENT, {\"using\": by, \"value\": value})[\"value\"]\n           ~~~~~~~~~~~~^^^^^^^^^^^^^^^^^^^^^^^^^^^^^^^^^^^^^^^^^^^^^^^^^^^^^\n  File \"/opt/homebrew/lib/python3.13/site-packages/selenium/webdriver/remote/webdriver.py\", line 384, in execute\n    self.error_handler.check_response(response)\n    ~~~~~~~~~~~~~~~~~~~~~~~~~~~~~~~~~^^^^^^^^^^\n  File \"/opt/homebrew/lib/python3.13/site-packages/appium/webdriver/errorhandler.py\", line 125, in check_response\n    raise exception_class(msg=message, stacktrace=format_stacktrace(stacktrace))\n"}, "steps": [{"name": "Given que abro el navegador Brave", "status": "passed", "start": 1756181019707, "stop": 1756181019707}, {"name": "When ingreso a \"https://www.google.com\"", "status": "passed", "start": 1756181019708, "stop": 1756181023353}, {"name": "And busco \"Appium Python\"", "status": "broken", "statusDetails": {"message": "selenium.common.exceptions.InvalidSelectorException: Message: Locator Strategy 'name' is not supported for this session; For documentation on this error, please visit: https://www.selenium.dev/documentation/webdriver/troubleshooting/errors#invalid-selector-exception\nStacktrace:\nInvalidSelectorError: Locator Strategy 'name' is not supported for this session\n    at AndroidUiautomator2Driver.validateLocatorStrategy (/opt/homebrew/lib/node_modules/appium/node_modules/@appium/base-driver/lib/basedriver/core.ts:333:13)\n    at AndroidUiautomator2Driver.findElOrElsWithProcessing (/opt/homebrew/lib/node_modules/appium/node_modules/@appium/base-driver/lib/basedriver/commands/find.ts:57:8)\n    at AndroidUiautomator2Driver.findElement (/opt/homebrew/lib/node_modules/appium/node_modules/@appium/base-driver/lib/basedriver/commands/find.ts:75:23)\n    at runCommandPromise (/opt/homebrew/lib/node_modules/appium/node_modules/@appium/base-driver/lib/basedriver/driver.ts:116:20)\n    at /opt/homebrew/lib/node_modules/appium/node_modules/@appium/base-driver/node_modules/async-lock/lib/index.js:171:12\n    at AsyncLock._promiseTry (/opt/homebrew/lib/node_modules/appium/node_modules/@appium/base-driver/node_modules/async-lock/lib/index.js:306:31)\n    at exec (/opt/homebrew/lib/node_modules/appium/node_modules/@appium/base-driver/node_modules/async-lock/lib/index.js:170:9)\n    at AsyncLock.acquire (/opt/homebrew/lib/node_modules/appium/node_modules/@appium/base-driver/node_modules/async-lock/lib/index.js:189:3)\n    at AndroidUiautomator2Driver.executeCommand (/opt/homebrew/lib/node_modules/appium/node_modules/@appium/base-driver/lib/basedriver/driver.ts:160:39)\n    at processTicksAndRejections (node:internal/process/task_queues:95:5)\n    at defaultBehavior (/opt/homebrew/lib/node_modules/appium/lib/appium.js:700:14)\n    at AppiumDriver.executeWrappedCommand (/opt/homebrew/lib/node_modules/appium/lib/appium.js:806:16)\n    at AppiumDriver.executeCommand (/opt/homebrew/lib/node_modules/appium/lib/appium.js:712:17)\n    at asyncHandler (/opt/homebrew/lib/node_modules/appium/node_modules/@appium/base-driver/lib/protocol/protocol.js:389:19)\n", "trace": "  File \"/opt/homebrew/lib/python3.13/site-packages/behave/model.py\", line 1329, in run\n    match.run(runner.context)\n    ~~~~~~~~~^^^^^^^^^^^^^^^^\n  File \"/opt/homebrew/lib/python3.13/site-packages/behave/matchers.py\", line 98, in run\n    self.func(context, *args, **kwargs)\n    ~~~~~~~~~^^^^^^^^^^^^^^^^^^^^^^^^^^\n  File \"features/steps/test_google_steps.py\", line 16, in step_search\n    context.google_page.search(text)\n    ~~~~~~~~~~~~~~~~~~~~~~~~~~^^^^^^\n  File \"/Users/gianperalta/appium-bdd-brave/features/pages/google_page.py\", line 13, in search\n    box = self.driver.find_element(*self.search_box)\n  File \"/opt/homebrew/lib/python3.13/site-packages/selenium/webdriver/remote/webdriver.py\", line 770, in find_element\n    return self.execute(Command.FIND_ELEMENT, {\"using\": by, \"value\": value})[\"value\"]\n           ~~~~~~~~~~~~^^^^^^^^^^^^^^^^^^^^^^^^^^^^^^^^^^^^^^^^^^^^^^^^^^^^^\n  File \"/opt/homebrew/lib/python3.13/site-packages/selenium/webdriver/remote/webdriver.py\", line 384, in execute\n    self.error_handler.check_response(response)\n    ~~~~~~~~~~~~~~~~~~~~~~~~~~~~~~~~~^^^^^^^^^^\n  File \"/opt/homebrew/lib/python3.13/site-packages/appium/webdriver/errorhandler.py\", line 125, in check_response\n    raise exception_class(msg=message, stacktrace=format_stacktrace(stacktrace))\n"}, "start": 1756181023354, "stop": 1756181023379}, {"name": "Then deber√≠an aparecer resultados relacionados", "status": "skipped", "start": 1756181023970, "stop": 1756181023970}], "start": 1756180990501, "stop": 1756181023970, "uuid": "48142c08-7d1a-4e06-a46e-4a2a5bbb62d1", "historyId": "b53125904cbe59056b7842923b121508", "fullName": "Buscar en Google con Brave: Buscar Appium en Google", "labels": [{"name": "severity", "value": "normal"}, {"name": "feature", "value": "Buscar en Google con Brave"}, {"name": "framework", "value": "behave"}, {"name": "language", "value": "cpython3"}]}